C:\VisualStudio\MSBuild\Microsoft\VC\v170\Microsoft.CppBuild.targets(531,5): warning MSB8028: The intermediate directory (x64\Debug\) contains files shared from another project (ParticulSystem.vcxproj).  This can lead to incorrect clean and rebuild behavior.
  Particle.cpp
C:\Users\enzo.lahana\Documents\Unreal Projects\MyProject\DerivedDataCache\NewParticulSystem\ParticulSystem\Particle.cpp(10,21): warning C4244: '=': conversion from 'T' to 'int', possible loss of data
C:\Users\enzo.lahana\Documents\Unreal Projects\MyProject\DerivedDataCache\NewParticulSystem\ParticulSystem\Particle.cpp(10,21): warning C4244:         with
C:\Users\enzo.lahana\Documents\Unreal Projects\MyProject\DerivedDataCache\NewParticulSystem\ParticulSystem\Particle.cpp(10,21): warning C4244:         [
C:\Users\enzo.lahana\Documents\Unreal Projects\MyProject\DerivedDataCache\NewParticulSystem\ParticulSystem\Particle.cpp(10,21): warning C4244:             T=float
C:\Users\enzo.lahana\Documents\Unreal Projects\MyProject\DerivedDataCache\NewParticulSystem\ParticulSystem\Particle.cpp(10,21): warning C4244:         ]
C:\Users\enzo.lahana\Documents\Unreal Projects\MyProject\DerivedDataCache\NewParticulSystem\ParticulSystem\Particle.cpp(11,21): warning C4244: '=': conversion from 'T' to 'int', possible loss of data
C:\Users\enzo.lahana\Documents\Unreal Projects\MyProject\DerivedDataCache\NewParticulSystem\ParticulSystem\Particle.cpp(11,21): warning C4244:         with
C:\Users\enzo.lahana\Documents\Unreal Projects\MyProject\DerivedDataCache\NewParticulSystem\ParticulSystem\Particle.cpp(11,21): warning C4244:         [
C:\Users\enzo.lahana\Documents\Unreal Projects\MyProject\DerivedDataCache\NewParticulSystem\ParticulSystem\Particle.cpp(11,21): warning C4244:             T=float
C:\Users\enzo.lahana\Documents\Unreal Projects\MyProject\DerivedDataCache\NewParticulSystem\ParticulSystem\Particle.cpp(11,21): warning C4244:         ]
  ParticleSystem.cpp
C:\Users\enzo.lahana\Documents\Unreal Projects\MyProject\DerivedDataCache\NewParticulSystem\ParticulSystem\ParticleSystem.cpp(10,24): warning C4244: 'initializing': conversion from 'double' to 'float', possible loss of data
C:\Users\enzo.lahana\Documents\Unreal Projects\MyProject\DerivedDataCache\NewParticulSystem\ParticulSystem\ParticleSystem.cpp(10,19): warning C4244: 'initializing': conversion from 'double' to 'const float', possible loss of data
C:\Users\enzo.lahana\Documents\Unreal Projects\MyProject\DerivedDataCache\NewParticulSystem\ParticulSystem\ParticleSystem.cpp(11,24): warning C4244: 'initializing': conversion from 'double' to 'float', possible loss of data
C:\Users\enzo.lahana\Documents\Unreal Projects\MyProject\DerivedDataCache\NewParticulSystem\ParticulSystem\ParticleSystem.cpp(11,19): warning C4244: 'initializing': conversion from 'double' to 'const float', possible loss of data
C:\Users\enzo.lahana\Documents\Unreal Projects\MyProject\DerivedDataCache\NewParticulSystem\ParticulSystem\ParticleSystem.cpp(43,33): warning C4305: 'initializing': truncation from 'double' to 'float'
C:\Users\enzo.lahana\Documents\Unreal Projects\MyProject\DerivedDataCache\NewParticulSystem\ParticulSystem\ParticleSystem.cpp(69,25): warning C4244: 'initializing': conversion from 'double' to 'float', possible loss of data
C:\Users\enzo.lahana\Documents\Unreal Projects\MyProject\DerivedDataCache\NewParticulSystem\ParticulSystem\ParticleSystem.cpp(77,25): warning C4244: 'initializing': conversion from 'T' to 'float', possible loss of data
C:\Users\enzo.lahana\Documents\Unreal Projects\MyProject\DerivedDataCache\NewParticulSystem\ParticulSystem\ParticleSystem.cpp(77,25): warning C4244:         with
C:\Users\enzo.lahana\Documents\Unreal Projects\MyProject\DerivedDataCache\NewParticulSystem\ParticulSystem\ParticleSystem.cpp(77,25): warning C4244:         [
C:\Users\enzo.lahana\Documents\Unreal Projects\MyProject\DerivedDataCache\NewParticulSystem\ParticulSystem\ParticleSystem.cpp(77,25): warning C4244:             T=unsigned int
C:\Users\enzo.lahana\Documents\Unreal Projects\MyProject\DerivedDataCache\NewParticulSystem\ParticulSystem\ParticleSystem.cpp(77,25): warning C4244:         ]
C:\Users\enzo.lahana\Documents\Unreal Projects\MyProject\DerivedDataCache\NewParticulSystem\ParticulSystem\ParticleSystem.cpp(83,25): warning C4244: 'initializing': conversion from 'T' to 'float', possible loss of data
C:\Users\enzo.lahana\Documents\Unreal Projects\MyProject\DerivedDataCache\NewParticulSystem\ParticulSystem\ParticleSystem.cpp(83,25): warning C4244:         with
C:\Users\enzo.lahana\Documents\Unreal Projects\MyProject\DerivedDataCache\NewParticulSystem\ParticulSystem\ParticleSystem.cpp(83,25): warning C4244:         [
C:\Users\enzo.lahana\Documents\Unreal Projects\MyProject\DerivedDataCache\NewParticulSystem\ParticulSystem\ParticleSystem.cpp(83,25): warning C4244:             T=unsigned int
C:\Users\enzo.lahana\Documents\Unreal Projects\MyProject\DerivedDataCache\NewParticulSystem\ParticulSystem\ParticleSystem.cpp(83,25): warning C4244:         ]
  Solver.cpp
C:\Users\enzo.lahana\Documents\Unreal Projects\MyProject\DerivedDataCache\NewParticulSystem\ParticulSystem\Solver.cpp(118,19): warning C4267: 'initializing': conversion from 'size_t' to 'int', possible loss of data
C:\Users\enzo.lahana\Documents\Unreal Projects\MyProject\DerivedDataCache\NewParticulSystem\ParticulSystem\Solver.cpp(210,38): warning C4244: '=': conversion from 'T' to 'int', possible loss of data
C:\Users\enzo.lahana\Documents\Unreal Projects\MyProject\DerivedDataCache\NewParticulSystem\ParticulSystem\Solver.cpp(210,38): warning C4244:         with
C:\Users\enzo.lahana\Documents\Unreal Projects\MyProject\DerivedDataCache\NewParticulSystem\ParticulSystem\Solver.cpp(210,38): warning C4244:         [
C:\Users\enzo.lahana\Documents\Unreal Projects\MyProject\DerivedDataCache\NewParticulSystem\ParticulSystem\Solver.cpp(210,38): warning C4244:             T=float
C:\Users\enzo.lahana\Documents\Unreal Projects\MyProject\DerivedDataCache\NewParticulSystem\ParticulSystem\Solver.cpp(210,38): warning C4244:         ]
C:\Users\enzo.lahana\Documents\Unreal Projects\MyProject\DerivedDataCache\NewParticulSystem\ParticulSystem\Solver.cpp(211,38): warning C4244: '=': conversion from 'T' to 'int', possible loss of data
C:\Users\enzo.lahana\Documents\Unreal Projects\MyProject\DerivedDataCache\NewParticulSystem\ParticulSystem\Solver.cpp(211,38): warning C4244:         with
C:\Users\enzo.lahana\Documents\Unreal Projects\MyProject\DerivedDataCache\NewParticulSystem\ParticulSystem\Solver.cpp(211,38): warning C4244:         [
C:\Users\enzo.lahana\Documents\Unreal Projects\MyProject\DerivedDataCache\NewParticulSystem\ParticulSystem\Solver.cpp(211,38): warning C4244:             T=float
C:\Users\enzo.lahana\Documents\Unreal Projects\MyProject\DerivedDataCache\NewParticulSystem\ParticulSystem\Solver.cpp(211,38): warning C4244:         ]
C:\Users\enzo.lahana\Documents\Unreal Projects\MyProject\DerivedDataCache\NewParticulSystem\ParticulSystem\Solver.cpp(234,15): warning C4244: 'initializing': conversion from 'T' to 'int', possible loss of data
C:\Users\enzo.lahana\Documents\Unreal Projects\MyProject\DerivedDataCache\NewParticulSystem\ParticulSystem\Solver.cpp(234,15): warning C4244:         with
C:\Users\enzo.lahana\Documents\Unreal Projects\MyProject\DerivedDataCache\NewParticulSystem\ParticulSystem\Solver.cpp(234,15): warning C4244:         [
C:\Users\enzo.lahana\Documents\Unreal Projects\MyProject\DerivedDataCache\NewParticulSystem\ParticulSystem\Solver.cpp(234,15): warning C4244:             T=float
C:\Users\enzo.lahana\Documents\Unreal Projects\MyProject\DerivedDataCache\NewParticulSystem\ParticulSystem\Solver.cpp(234,15): warning C4244:         ]
C:\Users\enzo.lahana\Documents\Unreal Projects\MyProject\DerivedDataCache\NewParticulSystem\ParticulSystem\Solver.cpp(234,47): warning C4244: 'initializing': conversion from 'T' to 'int', possible loss of data
C:\Users\enzo.lahana\Documents\Unreal Projects\MyProject\DerivedDataCache\NewParticulSystem\ParticulSystem\Solver.cpp(234,47): warning C4244:         with
C:\Users\enzo.lahana\Documents\Unreal Projects\MyProject\DerivedDataCache\NewParticulSystem\ParticulSystem\Solver.cpp(234,47): warning C4244:         [
C:\Users\enzo.lahana\Documents\Unreal Projects\MyProject\DerivedDataCache\NewParticulSystem\ParticulSystem\Solver.cpp(234,47): warning C4244:             T=float
C:\Users\enzo.lahana\Documents\Unreal Projects\MyProject\DerivedDataCache\NewParticulSystem\ParticulSystem\Solver.cpp(234,47): warning C4244:         ]
C:\Users\enzo.lahana\Documents\Unreal Projects\MyProject\DerivedDataCache\NewParticulSystem\ParticulSystem\Solver.cpp(235,88): warning C4267: 'argument': conversion from 'size_t' to 'int', possible loss of data
C:\Users\enzo.lahana\Documents\Unreal Projects\MyProject\DerivedDataCache\NewParticulSystem\ParticulSystem\Solver.cpp(285,25): warning C4244: 'initializing': conversion from 'T' to 'int', possible loss of data
C:\Users\enzo.lahana\Documents\Unreal Projects\MyProject\DerivedDataCache\NewParticulSystem\ParticulSystem\Solver.cpp(285,25): warning C4244:         with
C:\Users\enzo.lahana\Documents\Unreal Projects\MyProject\DerivedDataCache\NewParticulSystem\ParticulSystem\Solver.cpp(285,25): warning C4244:         [
C:\Users\enzo.lahana\Documents\Unreal Projects\MyProject\DerivedDataCache\NewParticulSystem\ParticulSystem\Solver.cpp(285,25): warning C4244:             T=float
C:\Users\enzo.lahana\Documents\Unreal Projects\MyProject\DerivedDataCache\NewParticulSystem\ParticulSystem\Solver.cpp(285,25): warning C4244:         ]
C:\Users\enzo.lahana\Documents\Unreal Projects\MyProject\DerivedDataCache\NewParticulSystem\ParticulSystem\Solver.cpp(286,26): warning C4244: 'initializing': conversion from 'T' to 'int', possible loss of data
C:\Users\enzo.lahana\Documents\Unreal Projects\MyProject\DerivedDataCache\NewParticulSystem\ParticulSystem\Solver.cpp(286,26): warning C4244:         with
C:\Users\enzo.lahana\Documents\Unreal Projects\MyProject\DerivedDataCache\NewParticulSystem\ParticulSystem\Solver.cpp(286,26): warning C4244:         [
C:\Users\enzo.lahana\Documents\Unreal Projects\MyProject\DerivedDataCache\NewParticulSystem\ParticulSystem\Solver.cpp(286,26): warning C4244:             T=float
C:\Users\enzo.lahana\Documents\Unreal Projects\MyProject\DerivedDataCache\NewParticulSystem\ParticulSystem\Solver.cpp(286,26): warning C4244:         ]
  Generating Code...
  ParticulSystem.vcxproj -> C:\Users\enzo.lahana\Documents\Unreal Projects\MyProject\DerivedDataCache\NewParticulSystem\x64\Debug\ParticleSystem.exe
